Determining if the pthread_create exist failed with the following output:
Change Dir: /local/home/ag262995/PDI/pdi-1.3.0/plugins/deisa/build/CMakeFiles/CMakeTmp

Run Build Command:"/usr/bin/make" "cmTC_2e74a/fast"
/usr/bin/make -f CMakeFiles/cmTC_2e74a.dir/build.make CMakeFiles/cmTC_2e74a.dir/build
make[1]: Entering directory '/local/home/ag262995/PDI/pdi-1.3.0/plugins/deisa/build/CMakeFiles/CMakeTmp'
Building C object CMakeFiles/cmTC_2e74a.dir/CheckSymbolExists.c.o
/usr/bin/cc    -o CMakeFiles/cmTC_2e74a.dir/CheckSymbolExists.c.o   -c /local/home/ag262995/PDI/pdi-1.3.0/plugins/deisa/build/CMakeFiles/CMakeTmp/CheckSymbolExists.c
Linking C executable cmTC_2e74a
/usr/bin/cmake -E cmake_link_script CMakeFiles/cmTC_2e74a.dir/link.txt --verbose=1
/usr/bin/cc      CMakeFiles/cmTC_2e74a.dir/CheckSymbolExists.c.o  -o cmTC_2e74a 
CMakeFiles/cmTC_2e74a.dir/CheckSymbolExists.c.o: In function `main':
CheckSymbolExists.c:(.text+0x1b): undefined reference to `pthread_create'
collect2: error: ld returned 1 exit status
CMakeFiles/cmTC_2e74a.dir/build.make:97: recipe for target 'cmTC_2e74a' failed
make[1]: *** [cmTC_2e74a] Error 1
make[1]: Leaving directory '/local/home/ag262995/PDI/pdi-1.3.0/plugins/deisa/build/CMakeFiles/CMakeTmp'
Makefile:126: recipe for target 'cmTC_2e74a/fast' failed
make: *** [cmTC_2e74a/fast] Error 2

File /local/home/ag262995/PDI/pdi-1.3.0/plugins/deisa/build/CMakeFiles/CMakeTmp/CheckSymbolExists.c:
/* */
#include <pthread.h>

int main(int argc, char** argv)
{
  (void)argv;
#ifndef pthread_create
  return ((int*)(&pthread_create))[argc];
#else
  (void)argc;
  return 0;
#endif
}

Determining if the function pthread_create exists in the pthreads failed with the following output:
Change Dir: /local/home/ag262995/PDI/pdi-1.3.0/plugins/deisa/build/CMakeFiles/CMakeTmp

Run Build Command:"/usr/bin/make" "cmTC_d5645/fast"
/usr/bin/make -f CMakeFiles/cmTC_d5645.dir/build.make CMakeFiles/cmTC_d5645.dir/build
make[1]: Entering directory '/local/home/ag262995/PDI/pdi-1.3.0/plugins/deisa/build/CMakeFiles/CMakeTmp'
Building C object CMakeFiles/cmTC_d5645.dir/CheckFunctionExists.c.o
/usr/bin/cc   -DCHECK_FUNCTION_EXISTS=pthread_create   -o CMakeFiles/cmTC_d5645.dir/CheckFunctionExists.c.o   -c /usr/share/cmake-3.10/Modules/CheckFunctionExists.c
Linking C executable cmTC_d5645
/usr/bin/cmake -E cmake_link_script CMakeFiles/cmTC_d5645.dir/link.txt --verbose=1
/usr/bin/cc  -DCHECK_FUNCTION_EXISTS=pthread_create    CMakeFiles/cmTC_d5645.dir/CheckFunctionExists.c.o  -o cmTC_d5645 -lpthreads 
/usr/bin/ld: cannot find -lpthreads
collect2: error: ld returned 1 exit status
CMakeFiles/cmTC_d5645.dir/build.make:97: recipe for target 'cmTC_d5645' failed
make[1]: *** [cmTC_d5645] Error 1
make[1]: Leaving directory '/local/home/ag262995/PDI/pdi-1.3.0/plugins/deisa/build/CMakeFiles/CMakeTmp'
Makefile:126: recipe for target 'cmTC_d5645/fast' failed
make: *** [cmTC_d5645/fast] Error 2


